<?xml version="1.0" encoding="UTF-8"?>
<testng-results ignored="0" total="1" passed="1" failed="0" skipped="0">
  <reporter-output>
  </reporter-output>
  <suite started-at="2021-09-05T16:20:08Z" name="Default suite" finished-at="2021-09-05T16:20:14Z" duration-ms="5484">
    <groups>
    </groups>
    <test started-at="2021-09-05T16:20:08Z" name="Default test" finished-at="2021-09-05T16:20:14Z" duration-ms="5484">
      <class name="login.Login">
        <test-method signature="test()[pri:0, instance:login.Login@5ab956d7]" started-at="2021-09-05T21:50:08Z" name="test" finished-at="2021-09-05T21:50:14Z" duration-ms="5471" status="PASS">
          <reporter-output>
          </reporter-output>
        </test-method> <!-- test -->
      </class> <!-- login.Login -->
    </test> <!-- Default test -->
  </suite> <!-- Default suite -->
</testng-results>
